<?xml version="1.0" encoding="UTF-8"?>
<!-- Generated by org.testng.reporters.JUnitXMLReporter -->
<testsuite hostname="Sanjaykadam" ignored="0" name="Default test" tests="4" failures="0" timestamp="03 Feb 2019 04:14:56 GMT" time="108.678" errors="0">
  <testcase name="test" time="42.177" classname="dataProviderExample.DataProviderTest"/>
  <testcase name="test" time="23.762" classname="dataProviderExample.DataProviderTest"/>
  <testcase name="test" time="22.014" classname="dataProviderExample.DataProviderTest"/>
  <testcase name="test" time="20.483" classname="dataProviderExample.DataProviderTest"/>
</testsuite> <!-- Default test -->
