<?xml version="1.0" encoding="UTF-8"?>
<!-- Generated by org.testng.reporters.JUnitXMLReporter -->
<testsuite hostname="Sanjaykadam" ignored="0" name="Regression suite 1" tests="3" failures="0" timestamp="02 Feb 2019 06:14:31 GMT" time="85.877" errors="0">
  <testcase name="firstmethod" time="9.471" classname="TestNGExample.FirstTestNGwithAnnotations"/>
  <testcase name="f" time="3.046" classname="testSuiteExample.TestSuiteExamplewithGoogle"/>
  <testcase name="f" time="27.967" classname="testSuiteExample.TestSuiteExamplewithYahoo"/>
</testsuite> <!-- Regression suite 1 -->
